#
# There is insufficient memory for the Java Runtime Environment to continue.
# Native memory allocation (mmap) failed to map 266338304 bytes for G1 virtual space
# Possible reasons:
#   The system is out of physical RAM or swap space
#   The process is running with CompressedOops enabled, and the Java Heap may be blocking the growth of the native heap
# Possible solutions:
#   Reduce memory load on the system
#   Increase physical memory or swap space
#   Check if swap backing store is full
#   Decrease Java heap size (-Xmx/-Xms)
#   Decrease number of Java threads
#   Decrease Java thread stack sizes (-Xss)
#   Set larger code cache with -XX:ReservedCodeCacheSize=
#   JVM is running with Zero Based Compressed Oops mode in which the Java heap is
#     placed in the first 32GB address space. The Java Heap base address is the
#     maximum limit for the native heap growth. Please use -XX:HeapBaseMinAddress
#     to set the Java Heap base and to place the Java Heap above 32GB virtual address.
# This output file may be truncated or incomplete.
#
#  Out of Memory Error (os_windows.cpp:3532), pid=36720, tid=36856
#
# JRE version:  (17.0.2+8) (build )
# Java VM: Java HotSpot(TM) 64-Bit Server VM (17.0.2+8-LTS-86, mixed mode, sharing, tiered, compressed oops, compressed class ptrs, g1 gc, windows-amd64)
# No core dump will be written. Minidumps are not enabled by default on client versions of Windows
#

---------------  S U M M A R Y ------------

Command Line: -Dfile.encoding=windows-1252 -XX:+ShowCodeDetailsInExceptionMessages Main

Host: Intel(R) Core(TM) i5-9300H CPU @ 2.40GHz, 8 cores, 15G,  Windows 11 , 64 bit Build 23430 (10.0.23430.1000)
Time: Mon Apr 10 19:52:14 2023 W. Europe Daylight Time elapsed time: 0.023002 seconds (0d 0h 0m 0s)

---------------  T H R E A D  ---------------

Current thread (0x000001bb87163410):  JavaThread "Unknown thread" [_thread_in_vm, id=36856, stack(0x000000990be00000,0x000000990bf00000)]

Stack: [0x000000990be00000,0x000000990bf00000]
Native frames: (J=compiled Java code, j=interpreted, Vv=VM code, C=native code)
V  [jvm.dll+0x670baa]
V  [jvm.dll+0x7cfcb4]
V  [jvm.dll+0x7d145e]
V  [jvm.dll+0x7d1ac3]
V  [jvm.dll+0x242bc5]
V  [jvm.dll+0x66dac9]
V  [jvm.dll+0x662412]
V  [jvm.dll+0x300c0b]
V  [jvm.dll+0x3081a6]
V  [jvm.dll+0x357d0e]
V  [jvm.dll+0x357f3f]
V  [jvm.dll+0x2d7ec8]
V  [jvm.dll+0x2d8e34]
V  [jvm.dll+0x7a18c1]
V  [jvm.dll+0x365a91]
V  [jvm.dll+0x780d2c]
V  [jvm.dll+0x3e845f]
V  [jvm.dll+0x3e9f01]
C  [jli.dll+0x527b]
C  [ucrtbase.dll+0x29363]
C  [KERNEL32.DLL+0x126bd]
C  [ntdll.dll+0x5a9f8]


---------------  P R O C E S S  ---------------

Threads class SMR info:
_java_thread_list=0x00007ffa842b9858, length=0, elements={
}

Java Threads: ( => current thread )

Other Threads:
  0x000001bb871b0e90 GCTaskThread "GC Thread#0" [stack: 0x000000990bf00000,0x000000990c000000] [id=36932]
  0x000001bb871c2b60 ConcurrentGCThread "G1 Main Marker" [stack: 0x000000990c000000,0x000000990c100000] [id=28764]
  0x000001bb871c5330 ConcurrentGCThread "G1 Conc#0" [stack: 0x000000990c100000,0x000000990c200000] [id=38032]

[error occurred during error reporting (printing all threads), id 0xc0000005, EXCEPTION_ACCESS_VIOLATION (0xc0000005) at pc=0x00007ffa83b088a7]

VM state: not at safepoint (not fully initialized)

VM Mutex/Monitor currently owned by a thread:  ([mutex/lock_event])
[0x000001bb8715e380] Heap_lock - owner thread: 0x000001bb87163410

Heap address: 0x0000000702800000, size: 4056 MB, Compressed Oops mode: Zero based, Oop shift amount: 3

CDS archive(s) mapped at: [0x0000000000000000-0x0000000000000000-0x0000000000000000), size 0, SharedBaseAddress: 0x0000000800000000, ArchiveRelocationMode: 0.
Narrow klass base: 0x0000000000000000, Narrow klass shift: 0, Narrow klass range: 0x0

GC Precious Log:
<Empty>

Heap:
 garbage-first heap   total 0K, used 0K [0x0000000702800000, 0x0000000800000000)
  region size 2048K, 0 young (0K), 0 survivors (0K)

[error occurred during error reporting (printing heap information), id 0xc0000005, EXCEPTION_ACCESS_VIOLATION (0xc0000005) at pc=0x00007ffa83ee9f19]

GC Heap History (0 events):
No events

Deoptimization events (0 events):
No events

Classes unloaded (0 events):
No events

Classes redefined (0 events):
No events

Internal exceptions (0 events):
No events

VM Operations (0 events):
No events

Events (1 events):
Event: 0.015 Loaded shared library C:\Program Files\Java\jdk-17.0.2\bin\java.dll


Dynamic libraries:
0x00007ff77db30000 - 0x00007ff77db40000 	C:\Program Files\Java\jdk-17.0.2\bin\javaw.exe
0x00007ffb12b70000 - 0x00007ffb12d84000 	C:\WINDOWS\SYSTEM32\ntdll.dll
0x00007ffaebd10000 - 0x00007ffaebd29000 	C:\Program Files\Avast Software\Avast\aswhook.dll
0x00007ffb11090000 - 0x00007ffb11154000 	C:\WINDOWS\System32\KERNEL32.DLL
0x00007ffb104e0000 - 0x00007ffb10883000 	C:\WINDOWS\System32\KERNELBASE.dll
0x00007ffb10230000 - 0x00007ffb10341000 	C:\WINDOWS\System32\ucrtbase.dll
0x00007ffb01eb0000 - 0x00007ffb01ec8000 	C:\Program Files\Java\jdk-17.0.2\bin\jli.dll
0x00007ffb11d70000 - 0x00007ffb11e1e000 	C:\WINDOWS\System32\ADVAPI32.dll
0x00007ffb10a40000 - 0x00007ffb10ae7000 	C:\WINDOWS\System32\msvcrt.dll
0x00007ffb12720000 - 0x00007ffb127c4000 	C:\WINDOWS\System32\sechost.dll
0x00007ffb12890000 - 0x00007ffb129a5000 	C:\WINDOWS\System32\RPCRT4.dll
0x00007ffb11e20000 - 0x00007ffb11fcd000 	C:\WINDOWS\System32\USER32.dll
0x00007ffb10090000 - 0x00007ffb100b6000 	C:\WINDOWS\System32\win32u.dll
0x00007ffb11fe0000 - 0x00007ffb12009000 	C:\WINDOWS\System32\GDI32.dll
0x00007ffb0ff70000 - 0x00007ffb10083000 	C:\WINDOWS\System32\gdi32full.dll
0x00007ffb10350000 - 0x00007ffb103ea000 	C:\WINDOWS\System32\msvcp_win.dll
0x00007ffb01be0000 - 0x00007ffb01bfa000 	C:\Program Files\Java\jdk-17.0.2\bin\VCRUNTIME140.dll
0x00007ffae8590000 - 0x00007ffae881f000 	C:\WINDOWS\WinSxS\amd64_microsoft.windows.common-controls_6595b64144ccf1df_6.0.23430.1000_none_eac1a566ff39dff3\COMCTL32.dll
0x00007ffb05fc0000 - 0x00007ffb05fca000 	C:\WINDOWS\SYSTEM32\VERSION.dll
0x00007ffb10e90000 - 0x00007ffb10ec1000 	C:\WINDOWS\System32\IMM32.DLL
0x00007ffb0d790000 - 0x00007ffb0d79c000 	C:\Program Files\Java\jdk-17.0.2\bin\vcruntime140_1.dll
0x00007ffafe9c0000 - 0x00007ffafea4d000 	C:\Program Files\Java\jdk-17.0.2\bin\msvcp140.dll
0x00007ffa83820000 - 0x00007ffa843e1000 	C:\Program Files\Java\jdk-17.0.2\bin\server\jvm.dll
0x00007ffb121e0000 - 0x00007ffb121e8000 	C:\WINDOWS\System32\PSAPI.DLL
0x00007ffafb2a0000 - 0x00007ffafb2a9000 	C:\WINDOWS\SYSTEM32\WSOCK32.dll
0x00007ffb11a50000 - 0x00007ffb11ac1000 	C:\WINDOWS\System32\WS2_32.dll
0x00007ffb02790000 - 0x00007ffb027c4000 	C:\WINDOWS\SYSTEM32\WINMM.dll
0x00007ffb0f070000 - 0x00007ffb0f088000 	C:\WINDOWS\SYSTEM32\kernel.appcore.dll
0x00007ffb0d210000 - 0x00007ffb0d21a000 	C:\Program Files\Java\jdk-17.0.2\bin\jimage.dll
0x00007ffb024e0000 - 0x00007ffb0270e000 	C:\WINDOWS\SYSTEM32\DBGHELP.DLL
0x00007ffb10b00000 - 0x00007ffb10e8a000 	C:\WINDOWS\System32\combase.dll
0x00007ffb11160000 - 0x00007ffb11237000 	C:\WINDOWS\System32\OLEAUT32.dll
0x00007ffb024a0000 - 0x00007ffb024d2000 	C:\WINDOWS\SYSTEM32\dbgcore.DLL
0x00007ffb10460000 - 0x00007ffb104db000 	C:\WINDOWS\System32\bcryptPrimitives.dll
0x00007ffafe910000 - 0x00007ffafe935000 	C:\Program Files\Java\jdk-17.0.2\bin\java.dll

dbghelp: loaded successfully - version: 4.0.5 - missing functions: none
symbol engine: initialized successfully - sym options: 0x614 - pdb path: .;C:\Program Files\Java\jdk-17.0.2\bin;C:\WINDOWS\SYSTEM32;C:\Program Files\Avast Software\Avast;C:\WINDOWS\WinSxS\amd64_microsoft.windows.common-controls_6595b64144ccf1df_6.0.23430.1000_none_eac1a566ff39dff3;C:\Program Files\Java\jdk-17.0.2\bin\server

VM Arguments:
jvm_args: -Dfile.encoding=windows-1252 -XX:+ShowCodeDetailsInExceptionMessages 
java_command: Main
java_class_path (initial): C:\Users\user\eclipse-workspace\FitApp\bin
Launcher Type: SUN_STANDARD

[Global flags]
     intx CICompilerCount                          = 4                                         {product} {ergonomic}
     uint ConcGCThreads                            = 2                                         {product} {ergonomic}
     uint G1ConcRefinementThreads                  = 8                                         {product} {ergonomic}
   size_t G1HeapRegionSize                         = 2097152                                   {product} {ergonomic}
    uintx GCDrainStackTargetSize                   = 64                                        {product} {ergonomic}
   size_t InitialHeapSize                          = 266338304                                 {product} {ergonomic}
   size_t MarkStackSize                            = 4194304                                   {product} {ergonomic}
   size_t MaxHeapSize                              = 4253024256                                {product} {ergonomic}
   size_t MinHeapDeltaBytes                        = 2097152                                   {product} {ergonomic}
   size_t MinHeapSize                              = 8388608                                   {product} {ergonomic}
    uintx NonNMethodCodeHeapSize                   = 5839372                                {pd product} {ergonomic}
    uintx NonProfiledCodeHeapSize                  = 122909434                              {pd product} {ergonomic}
    uintx ProfiledCodeHeapSize                     = 122909434                              {pd product} {ergonomic}
    uintx ReservedCodeCacheSize                    = 251658240                              {pd product} {ergonomic}
     bool SegmentedCodeCache                       = true                                      {product} {ergonomic}
     bool ShowCodeDetailsInExceptionMessages       = true                                   {manageable} {command line}
   size_t SoftMaxHeapSize                          = 4253024256                             {manageable} {ergonomic}
     bool UseCompressedClassPointers               = true                           {product lp64_product} {ergonomic}
     bool UseCompressedOops                        = true                           {product lp64_product} {ergonomic}
     bool UseG1GC                                  = true                                      {product} {ergonomic}
     bool UseLargePagesIndividualAllocation        = false                                  {pd product} {ergonomic}

Logging:
Log output configuration:
 #0: stdout all=warning uptime,level,tags
 #1: stderr all=off uptime,level,tags

Environment Variables:
PATH=C:\Program Files\Common Files\Oracle\Java\javapath;C:\Windows\system32;C:\Windows;C:\Windows\System32\Wbem;C:\Windows\System32\WindowsPowerShell\v1.0\;C:\Windows\System32\OpenSSH\;C:\Program Files (x86)\NVIDIA Corporation\PhysX\Common;C:\Program Files\NVIDIA Corporation\NVIDIA NvDLISR;C:\WINDOWS\system32;C:\WINDOWS;C:\WINDOWS\System32\Wbem;C:\WINDOWS\System32\WindowsPowerShell\v1.0\;C:\WINDOWS\System32\OpenSSH\;C:\Program Files\nodejs\;C:\SystemVerilog\bin;C:\Program Files (x86)\Graphviz 2.44.1\bin;C:\iverilog\bin;C:\iverilog\gtkwave\bin;C:\MinGW\bin;C:\Program Files\PuTTY\;C:\Program Files\gs\gs9.56.1\bin;C:\Gradle\gradle-7.5.1\bin;C:\Program Files\Git\cmd;C:\Program Files\PowerShell\7\;C:\Program Files\MySQL\MySQL Shell 8.0\bin\;C:\Users\user\AppData\Local\Programs\Python\Python310\Scripts\;C:\Users\user\AppData\Local\Programs\Python\Python310\;C:\Users\user\AppData\Local\Programs\Python\Python39\Scripts\;C:\Users\user\AppData\Local\Programs\Python\Python39\;C:\Users\user\AppData\Local\Microsoft\WindowsApps;C:\Program Files\JetBrains\PyCharm Community Edition 2020.3.3\bin;;C:\Users\user\AppData\Roaming\npm;C:\Program Files\JetBrains\IntelliJ IDEA Community Edition 2022.1\bin;;C:\msys64\mingw64\bin;C:\Users\user\AppData\Local\Programs\Microsoft VS Code\bin;C:\Program Files (x86)\Nmap;
USERNAME=user
OS=Windows_NT
PROCESSOR_IDENTIFIER=Intel64 Family 6 Model 158 Stepping 10, GenuineIntel



---------------  S Y S T E M  ---------------

OS:
 Windows 11 , 64 bit Build 23430 (10.0.23430.1000)
OS uptime: 0 days 3:10 hours
Hyper-V role detected

CPU: total 8 (initial active 8) (4 cores per cpu, 2 threads per core) family 6 model 158 stepping 10 microcode 0xf0, cx8, cmov, fxsr, ht, mmx, 3dnowpref, sse, sse2, sse3, ssse3, sse4.1, sse4.2, popcnt, lzcnt, tsc, tscinvbit, avx, avx2, aes, erms, clmul, bmi1, bmi2, adx, fma, vzeroupper, clflush, clflushopt, hv

Memory: 4k page, system-wide physical 16222M (4578M free)
TotalPageFile size 65371M (AvailPageFile size 144M)
current process WorkingSet (physical memory assigned to process): 11M, peak: 11M
current process commit charge ("private bytes"): 60M, peak: 314M

vm_info: Java HotSpot(TM) 64-Bit Server VM (17.0.2+8-LTS-86) for windows-amd64 JRE (17.0.2+8-LTS-86), built on Dec  7 2021 21:51:03 by "mach5one" with MS VC++ 16.8 / 16.9 (VS2019)

END.
